c:\projects\filemanager\file_manager\file manager\debug\vc140.pdb
c:\projects\filemanager\file_manager\file manager\debug\vc140.idb
c:\projects\filemanager\file_manager\file manager\debug\ffiles.obj
c:\projects\filemanager\file_manager\file manager\debug\fhex.obj
c:\projects\filemanager\file_manager\file manager\debug\fm.obj
c:\projects\filemanager\file_manager\file manager\debug\fwin.obj
c:\projects\filemanager\file_manager\file manager\debug\huffman.obj
c:\projects\filemanager\file_manager\file manager\debug\main.obj
c:\projects\filemanager\file_manager\debug\file manager.ilk
c:\projects\filemanager\file_manager\debug\file manager.exe
c:\projects\filemanager\file_manager\debug\file manager.pdb
c:\projects\filemanager\file_manager\file manager\debug\file manager.res
c:\projects\filemanager\file_manager\file manager\debug\fhex.obj.enc
c:\projects\filemanager\file_manager\file manager\debug\huffman.obj.enc
c:\projects\filemanager\file_manager\file manager\debug\file manager.tlog\cl.command.1.tlog
c:\projects\filemanager\file_manager\file manager\debug\file manager.tlog\cl.read.1.tlog
c:\projects\filemanager\file_manager\file manager\debug\file manager.tlog\cl.write.1.tlog
c:\projects\filemanager\file_manager\file manager\debug\file manager.tlog\link.command.1.tlog
c:\projects\filemanager\file_manager\file manager\debug\file manager.tlog\link.read.1.tlog
c:\projects\filemanager\file_manager\file manager\debug\file manager.tlog\link.write.1.tlog
c:\projects\filemanager\file_manager\file manager\debug\file manager.tlog\rc.command.1.tlog
c:\projects\filemanager\file_manager\file manager\debug\file manager.tlog\rc.read.1.tlog
c:\projects\filemanager\file_manager\file manager\debug\file manager.tlog\rc.write.1.tlog
